Lmod has detected the following error: The following module(s) are unknown:
"devel/miniforge/24.11.0-py3.12"

Please check the spelling or version number. Also try "module spider ..."
It is also possible your cache file is out-of-date; it may help to try:
  $ module --ignore_cache load "devel/miniforge/24.11.0-py3.12"

Also make sure that all modulefiles written in TCL start with the string
#%Module




CondaError: Run 'conda init' before 'conda deactivate'

Starting MOTRv2 tracking with YOLOX detections...
Output directory: outputs/pseudo_labels
Traceback (most recent call last):
  File "/home/es/es_es/es_lekamt00/BeachKI/MOTRv2/submit_dance.py", line 21, in <module>
    from models import build_model
  File "/home/es/es_es/es_lekamt00/BeachKI/MOTRv2/models/__init__.py", line 10, in <module>
    from .motr import build as build_motr
  File "/home/es/es_es/es_lekamt00/BeachKI/MOTRv2/models/motr.py", line 31, in <module>
    from .deformable_transformer_plus import build_deforamble_transformer, pos2posemb
  File "/home/es/es_es/es_lekamt00/BeachKI/MOTRv2/models/deformable_transformer_plus.py", line 25, in <module>
    from models.ops.modules import MSDeformAttn
  File "/home/es/es_es/es_lekamt00/BeachKI/MOTRv2/models/ops/modules/__init__.py", line 12, in <module>
    from .ms_deform_attn import MSDeformAttn
  File "/home/es/es_es/es_lekamt00/BeachKI/MOTRv2/models/ops/modules/ms_deform_attn.py", line 24, in <module>
    from ..functions import MSDeformAttnFunction
  File "/home/es/es_es/es_lekamt00/BeachKI/MOTRv2/models/ops/functions/__init__.py", line 12, in <module>
    from .ms_deform_attn_func import MSDeformAttnFunction
  File "/home/es/es_es/es_lekamt00/BeachKI/MOTRv2/models/ops/functions/ms_deform_attn_func.py", line 21, in <module>
    import MultiScaleDeformableAttention as MSDA
ImportError: /home/es/es_es/es_lekamt00/.conda/envs/pytorch/lib/python3.12/site-packages/MultiScaleDeformableAttention.cpython-312-x86_64-linux-gnu.so: undefined symbol: _ZN3c106detail23torchInternalAssertFailEPKcS2_jS2_RKSs
MOTRv2 tracking complete!
Results saved to: outputs/pseudo_labels/
