usage: DETR training and evaluation script [-h] [--lr LR]
                                           [--lr_backbone_names LR_BACKBONE_NAMES [LR_BACKBONE_NAMES ...]]
                                           [--lr_backbone LR_BACKBONE]
                                           [--lr_linear_proj_names LR_LINEAR_PROJ_NAMES [LR_LINEAR_PROJ_NAMES ...]]
                                           [--lr_linear_proj_mult LR_LINEAR_PROJ_MULT]
                                           [--batch_size BATCH_SIZE]
                                           [--weight_decay WEIGHT_DECAY]
                                           [--epochs EPOCHS]
                                           [--lr_drop LR_DROP]
                                           [--save_period SAVE_PERIOD]
                                           [--lr_drop_epochs LR_DROP_EPOCHS [LR_DROP_EPOCHS ...]]
                                           [--clip_max_norm CLIP_MAX_NORM]
                                           [--meta_arch META_ARCH] [--sgd]
                                           [--with_box_refine] [--two_stage]
                                           [--accurate_ratio]
                                           [--frozen_weights FROZEN_WEIGHTS]
                                           [--num_anchors NUM_ANCHORS]
                                           [--backbone BACKBONE]
                                           [--enable_fpn] [--dilation]
                                           [--position_embedding {sine,learned}]
                                           [--position_embedding_scale POSITION_EMBEDDING_SCALE]
                                           [--num_feature_levels NUM_FEATURE_LEVELS]
                                           [--enc_layers ENC_LAYERS]
                                           [--dec_layers DEC_LAYERS]
                                           [--dim_feedforward DIM_FEEDFORWARD]
                                           [--hidden_dim HIDDEN_DIM]
                                           [--dropout DROPOUT]
                                           [--nheads NHEADS]
                                           [--num_queries NUM_QUERIES]
                                           [--dec_n_points DEC_N_POINTS]
                                           [--enc_n_points ENC_N_POINTS]
                                           [--decoder_cross_self]
                                           [--sigmoid_attn] [--crop] [--cj]
                                           [--extra_track_attn]
                                           [--loss_normalizer]
                                           [--max_size MAX_SIZE]
                                           [--val_width VAL_WIDTH]
                                           [--filter_ignore] [--append_crowd]
                                           [--masks] [--no_aux_loss]
                                           [--mix_match]
                                           [--set_cost_class SET_COST_CLASS]
                                           [--set_cost_bbox SET_COST_BBOX]
                                           [--set_cost_giou SET_COST_GIOU]
                                           [--mask_loss_coef MASK_LOSS_COEF]
                                           [--dice_loss_coef DICE_LOSS_COEF]
                                           [--cls_loss_coef CLS_LOSS_COEF]
                                           [--bbox_loss_coef BBOX_LOSS_COEF]
                                           [--giou_loss_coef GIOU_LOSS_COEF]
                                           [--focal_alpha FOCAL_ALPHA]
                                           [--dataset_file DATASET_FILE]
                                           [--gt_file_train GT_FILE_TRAIN]
                                           [--gt_file_val GT_FILE_VAL]
                                           [--coco_path COCO_PATH]
                                           [--coco_panoptic_path COCO_PANOPTIC_PATH]
                                           [--remove_difficult]
                                           [--output_dir OUTPUT_DIR]
                                           [--device DEVICE] [--seed SEED]
                                           [--resume RESUME] [--start_epoch N]
                                           [--eval] [--vis]
                                           [--num_workers NUM_WORKERS]
                                           [--pretrained PRETRAINED]
                                           [--cache_mode]
                                           [--mot_path MOT_PATH]
                                           [--det_db DET_DB]
                                           [--input_video INPUT_VIDEO]
                                           [--data_txt_path_train DATA_TXT_PATH_TRAIN]
                                           [--data_txt_path_val DATA_TXT_PATH_VAL]
                                           [--img_path IMG_PATH]
                                           [--query_interaction_layer QUERY_INTERACTION_LAYER]
                                           [--sample_mode SAMPLE_MODE]
                                           [--sample_interval SAMPLE_INTERVAL]
                                           [--random_drop RANDOM_DROP]
                                           [--fp_ratio FP_RATIO]
                                           [--merger_dropout MERGER_DROPOUT]
                                           [--update_query_pos]
                                           [--sampler_steps [SAMPLER_STEPS ...]]
                                           [--sampler_lengths [SAMPLER_LENGTHS ...]]
                                           [--exp_name EXP_NAME]
                                           [--memory_bank_score_thresh MEMORY_BANK_SCORE_THRESH]
                                           [--memory_bank_len MEMORY_BANK_LEN]
                                           [--memory_bank_type MEMORY_BANK_TYPE]
                                           [--memory_bank_with_self_attn]
                                           [--use_checkpoint]
                                           [--query_denoise QUERY_DENOISE]
                                           [--score_threshold SCORE_THRESHOLD]
                                           [--update_score_threshold UPDATE_SCORE_THRESHOLD]
                                           [--miss_tolerance MISS_TOLERANCE]
DETR training and evaluation script: error: argument --sampler_lengths: invalid int value: ''
